<?xml version="1.0" encoding="UTF-8"?>
<testng-results ignored="0" total="1" passed="1" failed="0" skipped="0">
  <reporter-output>
  </reporter-output>
  <suite started-at="2026-05-19T11:50:45 IST" name="Surefire suite" finished-at="2026-05-19T11:50:48 IST" duration-ms="2963">
    <groups>
    </groups>
    <test started-at="2026-05-19T11:50:45 IST" name="Surefire test" finished-at="2026-05-19T11:50:48 IST" duration-ms="2963">
      <class name="simplepro.project">
        <test-method signature="login()[pri:0, instance:simplepro.project@4206a205]" started-at="2026-05-19T11:50:45 IST" name="login" finished-at="2026-05-19T11:50:48 IST" duration-ms="2917" status="PASS">
          <reporter-output>
          </reporter-output>
        </test-method> <!-- login -->
      </class> <!-- simplepro.project -->
    </test> <!-- Surefire test -->
  </suite> <!-- Surefire suite -->
</testng-results>
